<?xml version="1.0" encoding="UTF-8"?>
<testng-results ignored="0" total="2" passed="2" failed="0" skipped="0">
  <reporter-output>
  </reporter-output>
  <suite started-at="2025-12-12T00:26:57 ICT" name="Default suite" finished-at="2025-12-12T00:26:57 ICT" duration-ms="38">
    <groups>
    </groups>
    <test started-at="2025-12-12T00:26:57 ICT" name="Default test" finished-at="2025-12-12T00:26:57 ICT" duration-ms="38">
      <class name="com.poly.testmaven.CalculatorTest">
        <test-method signature="testSub()[pri:0, instance:com.poly.testmaven.CalculatorTest@2d1ef81a]" started-at="2025-12-12T00:26:57 ICT" name="testSub" finished-at="2025-12-12T00:26:57 ICT" duration-ms="8" status="PASS">
          <reporter-output>
          </reporter-output>
        </test-method> <!-- testSub -->
        <test-method signature="testSum()[pri:0, instance:com.poly.testmaven.CalculatorTest@2d1ef81a]" started-at="2025-12-12T00:26:57 ICT" name="testSum" finished-at="2025-12-12T00:26:57 ICT" duration-ms="1" status="PASS">
          <reporter-output>
          </reporter-output>
        </test-method> <!-- testSum -->
      </class> <!-- com.poly.testmaven.CalculatorTest -->
    </test> <!-- Default test -->
  </suite> <!-- Default suite -->
</testng-results>
