<?xml version="1.0" encoding="UTF-8"?>
<!-- Generated by org.testng.reporters.JUnitReportReporter -->
<testsuite hostname="DESKTOP-GP6SKG0" failures="0" tests="2" name="com.poly.testmaven.CalculatorTest" time="0.009" errors="0" timestamp="2025-12-12T00:26:57 ICT" skipped="0">
  <testcase classname="com.poly.testmaven.CalculatorTest" name="testSub" time="0.008"/>
  <testcase classname="com.poly.testmaven.CalculatorTest" name="testSum" time="0.001"/>
</testsuite> <!-- com.poly.testmaven.CalculatorTest -->
