<?xml version="1.0" encoding="UTF-8"?>
<!-- Generated by org.testng.reporters.JUnitReportReporter -->
<testsuite hostname="DESKTOP-GP6SKG0" failures="0" tests="3" name="poly.groupExamples" time="0.013" errors="0" timestamp="2025-12-07T00:01:55 ICT" skipped="0">
  <testcase classname="poly.groupExamples" name="testCaseFour" time="0.011"/>
  <testcase classname="poly.groupExamples" name="testCaseOne" time="0.001"/>
  <testcase classname="poly.groupExamples" name="testCaseTwo" time="0.001"/>
</testsuite> <!-- poly.groupExamples -->
